<?xml version="1.0" encoding="UTF-8"?>
<!-- Generated by org.testng.reporters.JUnitReportReporter -->
<testsuite hostname="DESKTOP-7DC3PRC" failures="0" tests="1" name="org.test.ProductTest" time="10.974" errors="0" timestamp="2025-06-11T22:48:05 IST" skipped="0">
  <testcase classname="org.test.ProductTest" name="TC8" time="10.974"/>
</testsuite> <!-- org.test.ProductTest -->
