<?xml version="1.0" encoding="UTF-8"?>
<!-- Generated by org.testng.reporters.JUnitReportReporter -->
<testsuite hostname="DESKTOP-7DC3PRC" failures="0" tests="2" name="org.test.CheckoutTest" time="15.569" errors="0" timestamp="2025-06-11T22:48:05 IST" skipped="0">
  <testcase classname="org.test.CheckoutTest" name="TC6" time="7.974"/>
  <testcase classname="org.test.CheckoutTest" name="TC7" time="7.595"/>
</testsuite> <!-- org.test.CheckoutTest -->
