<?xml version="1.0" encoding="UTF-8"?>
<!-- Generated by org.testng.reporters.JUnitReportReporter -->
<testsuite hostname="DESKTOP-7DC3PRC" failures="0" tests="3" name="org.test.LoginTest" time="12.277" errors="0" timestamp="2025-06-11T22:48:05 IST" skipped="0">
  <testcase classname="org.test.LoginTest" name="TC1" time="4.625"/>
  <testcase classname="org.test.LoginTest" name="TC2" time="2.532"/>
  <testcase classname="org.test.LoginTest" name="TC3" time="5.120"/>
</testsuite> <!-- org.test.LoginTest -->
