<?xml version="1.0" encoding="UTF-8"?>
<!-- Generated by org.testng.reporters.JUnitReportReporter -->
<testsuite hostname="DESKTOP-7DC3PRC" failures="0" tests="3" name="org.test.LoginTest" time="18.624" errors="0" timestamp="15 Jun 2025 13:19:22 GMT">
  <testcase classname="org.test.LoginTest" name="TC3" time="6.377"/>
  <testcase classname="org.test.LoginTest" name="TC1" time="6.108"/>
  <testcase classname="org.test.LoginTest" name="TC2" time="6.139"/>
</testsuite> <!-- org.test.LoginTest -->
