<?xml version="1.0" encoding="UTF-8"?>
<!-- Generated by org.testng.reporters.JUnitReportReporter -->
<testsuite hostname="DESKTOP-7DC3PRC" failures="0" tests="2" name="org.test.CheckoutTest" time="18.505" errors="0" timestamp="15 Jun 2025 13:19:22 GMT">
  <testcase classname="org.test.CheckoutTest" name="TC6" time="10.063"/>
  <testcase classname="org.test.CheckoutTest" name="TC7" time="8.442"/>
</testsuite> <!-- org.test.CheckoutTest -->
