<?xml version="1.0" encoding="UTF-8"?>
<!-- Generated by org.testng.reporters.JUnitReportReporter -->
<testsuite hostname="DESKTOP-7DC3PRC" failures="0" tests="1" name="org.test.ProductTest" time="12.533" errors="0" timestamp="15 Jun 2025 13:19:22 GMT">
  <testcase classname="org.test.ProductTest" name="TC8" time="12.533"/>
</testsuite> <!-- org.test.ProductTest -->
