<?xml version="1.0" encoding="UTF-8"?>
<!-- Generated by org.testng.reporters.JUnitReportReporter -->
<testsuite hostname="DESKTOP-7DC3PRC" failures="0" tests="1" name="org.test.MenuTest" time="9.855" errors="0" timestamp="15 Jun 2025 13:19:22 GMT">
  <testcase classname="org.test.MenuTest" name="TC9" time="9.855"/>
</testsuite> <!-- org.test.MenuTest -->
